# JRE version: OpenJDK Runtime Environment (8.0_76-b18) (build 1.8.0_76-release-b18)
# Java VM: OpenJDK 64-Bit Server VM (25.76-b18 mixed mode linux-amd64 compressed oops)
Heap:
 par new generation   total 39296K, used 29858K [0x00000000d1200000, 0x00000000d3ca0000, 0x00000000e0c00000)
  eden space 34944K,  84% used [0x00000000d1200000, 0x00000000d2ed9bf8, 0x00000000d3420000)
  from space 4352K,   7% used [0x00000000d3420000, 0x00000000d346ecb8, 0x00000000d3860000)
  to   space 4352K,   0% used [0x00000000d3860000, 0x00000000d3860000, 0x00000000d3ca0000)
 concurrent mark-sweep generation total 148552K, used 132413K [0x00000000e0c00000, 0x00000000e9d12000, 0x0000000100000000)
 Metaspace       used 159111K, capacity 161480K, committed 162088K, reserved 1187840K
  class space    used 23302K, capacity 24080K, committed 24204K, reserved 1048576K
GC Heap History (10 events):
Event: 2888,351 GC heap before
{Heap before GC invocations=71 (full 5):
 par new generation   total 39296K, used 35345K [0x00000000d1200000, 0x00000000d3ca0000, 0x00000000e0c00000)
  eden space 34944K, 100% used [0x00000000d1200000, 0x00000000d3420000, 0x00000000d3420000)
  from space 4352K,   9% used [0x00000000d3860000, 0x00000000d38c4620, 0x00000000d3ca0000)
  to   space 4352K,   0% used [0x00000000d3420000, 0x00000000d3420000, 0x00000000d3860000)
 concurrent mark-sweep generation total 148552K, used 132267K [0x00000000e0c00000, 0x00000000e9d12000, 0x0000000100000000)
 Metaspace       used 159033K, capacity 161352K, committed 161832K, reserved 1187840K
  class space    used 23300K, capacity 24080K, committed 24204K, reserved 1048576K
Event: 2888,361 GC heap after
Heap after GC invocations=72 (full 5):
 par new generation   total 39296K, used 467K [0x00000000d1200000, 0x00000000d3ca0000, 0x00000000e0c00000)
  eden space 34944K,   0% used [0x00000000d1200000, 0x00000000d1200000, 0x00000000d3420000)
  from space 4352K,  10% used [0x00000000d3420000, 0x00000000d3494f90, 0x00000000d3860000)
  to   space 4352K,   0% used [0x00000000d3860000, 0x00000000d3860000, 0x00000000d3ca0000)
 concurrent mark-sweep generation total 148552K, used 132268K [0x00000000e0c00000, 0x00000000e9d12000, 0x0000000100000000)
 Metaspace       used 159033K, capacity 161352K, committed 161832K, reserved 1187840K
  class space    used 23300K, capacity 24080K, committed 24204K, reserved 1048576K
}
Event: 3416,828 GC heap before
{Heap before GC invocations=72 (full 5):
 par new generation   total 39296K, used 35411K [0x00000000d1200000, 0x00000000d3ca0000, 0x00000000e0c00000)
  eden space 34944K, 100% used [0x00000000d1200000, 0x00000000d3420000, 0x00000000d3420000)
  from space 4352K,  10% used [0x00000000d3420000, 0x00000000d3494f90, 0x00000000d3860000)
  to   space 4352K,   0% used [0x00000000d3860000, 0x00000000d3860000, 0x00000000d3ca0000)
 concurrent mark-sweep generation total 148552K, used 132268K [0x00000000e0c00000, 0x00000000e9d12000, 0x0000000100000000)
 Metaspace       used 159039K, capacity 161352K, committed 161832K, reserved 1187840K
  class space    used 23300K, capacity 24080K, committed 24204K, reserved 1048576K
Event: 3416,839 GC heap after
Heap after GC invocations=73 (full 5):
 par new generation   total 39296K, used 338K [0x00000000d1200000, 0x00000000d3ca0000, 0x00000000e0c00000)
  eden space 34944K,   0% used [0x00000000d1200000, 0x00000000d1200000, 0x00000000d3420000)
  from space 4352K,   7% used [0x00000000d3860000, 0x00000000d38b4910, 0x00000000d3ca0000)
  to   space 4352K,   0% used [0x00000000d3420000, 0x00000000d3420000, 0x00000000d3860000)
 concurrent mark-sweep generation total 148552K, used 132395K [0x00000000e0c00000, 0x00000000e9d12000, 0x0000000100000000)
 Metaspace       used 159039K, capacity 161352K, committed 161832K, reserved 1187840K
  class space    used 23300K, capacity 24080K, committed 24204K, reserved 1048576K
}
Event: 3966,639 GC heap before
{Heap before GC invocations=73 (full 5):
 par new generation   total 39296K, used 35282K [0x00000000d1200000, 0x00000000d3ca0000, 0x00000000e0c00000)
  eden space 34944K, 100% used [0x00000000d1200000, 0x00000000d3420000, 0x00000000d3420000)
  from space 4352K,   7% used [0x00000000d3860000, 0x00000000d38b4910, 0x00000000d3ca0000)
  to   space 4352K,   0% used [0x00000000d3420000, 0x00000000d3420000, 0x00000000d3860000)
 concurrent mark-sweep generation total 148552K, used 132395K [0x00000000e0c00000, 0x00000000e9d12000, 0x0000000100000000)
 Metaspace       used 159050K, capacity 161352K, committed 161832K, reserved 1187840K
  class space    used 23300K, capacity 24080K, committed 24204K, reserved 1048576K
Event: 3966,650 GC heap after
Heap after GC invocations=74 (full 5):
 par new generation   total 39296K, used 317K [0x00000000d1200000, 0x00000000d3ca0000, 0x00000000e0c00000)
  eden space 34944K,   0% used [0x00000000d1200000, 0x00000000d1200000, 0x00000000d3420000)
  from space 4352K,   7% used [0x00000000d3420000, 0x00000000d346f478, 0x00000000d3860000)
  to   space 4352K,   0% used [0x00000000d3860000, 0x00000000d3860000, 0x00000000d3ca0000)
 concurrent mark-sweep generation total 148552K, used 132409K [0x00000000e0c00000, 0x00000000e9d12000, 0x0000000100000000)
 Metaspace       used 159050K, capacity 161352K, committed 161832K, reserved 1187840K
  class space    used 23300K, capacity 24080K, committed 24204K, reserved 1048576K
}
Event: 4595,817 GC heap before
{Heap before GC invocations=74 (full 5):
 par new generation   total 39296K, used 35261K [0x00000000d1200000, 0x00000000d3ca0000, 0x00000000e0c00000)
  eden space 34944K, 100% used [0x00000000d1200000, 0x00000000d3420000, 0x00000000d3420000)
  from space 4352K,   7% used [0x00000000d3420000, 0x00000000d346f478, 0x00000000d3860000)
  to   space 4352K,   0% used [0x00000000d3860000, 0x00000000d3860000, 0x00000000d3ca0000)
 concurrent mark-sweep generation total 148552K, used 132409K [0x00000000e0c00000, 0x00000000e9d12000, 0x0000000100000000)
 Metaspace       used 159087K, capacity 161416K, committed 161832K, reserved 1187840K
  class space    used 23302K, capacity 24080K, committed 24204K, reserved 1048576K
Event: 4595,827 GC heap after
Heap after GC invocations=75 (full 5):
 par new generation   total 39296K, used 311K [0x00000000d1200000, 0x00000000d3ca0000, 0x00000000e0c00000)
  eden space 34944K,   0% used [0x00000000d1200000, 0x00000000d1200000, 0x00000000d3420000)
  from space 4352K,   7% used [0x00000000d3860000, 0x00000000d38ade60, 0x00000000d3ca0000)
  to   space 4352K,   0% used [0x00000000d3420000, 0x00000000d3420000, 0x00000000d3860000)
 concurrent mark-sweep generation total 148552K, used 132410K [0x00000000e0c00000, 0x00000000e9d12000, 0x0000000100000000)
 Metaspace       used 159087K, capacity 161416K, committed 161832K, reserved 1187840K
  class space    used 23302K, capacity 24080K, committed 24204K, reserved 1048576K
}
Event: 5234,259 GC heap before
{Heap before GC invocations=75 (full 5):
 par new generation   total 39296K, used 35255K [0x00000000d1200000, 0x00000000d3ca0000, 0x00000000e0c00000)
  eden space 34944K, 100% used [0x00000000d1200000, 0x00000000d3420000, 0x00000000d3420000)
  from space 4352K,   7% used [0x00000000d3860000, 0x00000000d38ade60, 0x00000000d3ca0000)
  to   space 4352K,   0% used [0x00000000d3420000, 0x00000000d3420000, 0x00000000d3860000)
 concurrent mark-sweep generation total 148552K, used 132410K [0x00000000e0c00000, 0x00000000e9d12000, 0x0000000100000000)
 Metaspace       used 159090K, capacity 161416K, committed 161832K, reserved 1187840K
  class space    used 23302K, capacity 24080K, committed 24204K, reserved 1048576K
Event: 5234,273 GC heap after
Heap after GC invocations=76 (full 5):
 par new generation   total 39296K, used 315K [0x00000000d1200000, 0x00000000d3ca0000, 0x00000000e0c00000)
  eden space 34944K,   0% used [0x00000000d1200000, 0x00000000d1200000, 0x00000000d3420000)
  from space 4352K,   7% used [0x00000000d3420000, 0x00000000d346ecb8, 0x00000000d3860000)
  to   space 4352K,   0% used [0x00000000d3860000, 0x00000000d3860000, 0x00000000d3ca0000)
 concurrent mark-sweep generation total 148552K, used 132413K [0x00000000e0c00000, 0x00000000e9d12000, 0x0000000100000000)
 Metaspace       used 159090K, capacity 161416K, committed 161832K, reserved 1187840K
  class space    used 23302K, capacity 24080K, committed 24204K, reserved 1048576K
}

